# JRE version: OpenJDK Runtime Environment (8.0_242-b01) (build 1.8.0_242-release-1644-b01)
# Java VM: OpenJDK 64-Bit Server VM (25.242-b01 mixed mode windows-amd64 compressed oops)
Heap:
 PSYoungGen      total 283136K, used 116055K [0x00000000e0000000, 0x00000000f8680000, 0x0000000100000000)
  eden space 259072K, 35% used [0x00000000e0000000,0x00000000e59d9230,0x00000000efd00000)
  from space 24064K, 99% used [0x00000000efd00000,0x00000000f147cdb8,0x00000000f1480000)
  to   space 38400K, 0% used [0x00000000f6100000,0x00000000f6100000,0x00000000f8680000)
 ParOldGen       total 243200K, used 66399K [0x00000000a0000000, 0x00000000aed80000, 0x00000000e0000000)
  object space 243200K, 27% used [0x00000000a0000000,0x00000000a40d7f28,0x00000000aed80000)
 Metaspace       used 69213K, capacity 73414K, committed 73752K, reserved 1112064K
  class space    used 9417K, capacity 10163K, committed 10280K, reserved 1048576K
GC Heap History (10 events):
Event: 28.624 GC heap before
{Heap before GC invocations=14 (full 3):
 PSYoungGen      total 189952K, used 173056K [0x00000000e0000000, 0x00000000ee580000, 0x0000000100000000)
  eden space 173056K, 100% used [0x00000000e0000000,0x00000000ea900000,0x00000000ea900000)
  from space 16896K, 0% used [0x00000000ebd80000,0x00000000ebd80000,0x00000000ece00000)
  to   space 20992K, 0% used [0x00000000ea900000,0x00000000ea900000,0x00000000ebd80000)
 ParOldGen       total 243200K, used 35945K [0x00000000a0000000, 0x00000000aed80000, 0x00000000e0000000)
  object space 243200K, 14% used [0x00000000a0000000,0x00000000a231a568,0x00000000aed80000)
 Metaspace       used 62716K, capacity 66120K, committed 66200K, reserved 1105920K
  class space    used 8662K, capacity 9314K, committed 9384K, reserved 1048576K
Event: 28.647 GC heap after
Heap after GC invocations=14 (full 3):
 PSYoungGen      total 194048K, used 19351K [0x00000000e0000000, 0x00000000ef880000, 0x0000000100000000)
  eden space 173056K, 0% used [0x00000000e0000000,0x00000000e0000000,0x00000000ea900000)
  from space 20992K, 92% used [0x00000000ea900000,0x00000000ebbe5e60,0x00000000ebd80000)
  to   space 23040K, 0% used [0x00000000ee200000,0x00000000ee200000,0x00000000ef880000)
 ParOldGen       total 243200K, used 35953K [0x00000000a0000000, 0x00000000aed80000, 0x00000000e0000000)
  object space 243200K, 14% used [0x00000000a0000000,0x00000000a231c568,0x00000000aed80000)
 Metaspace       used 62716K, capacity 66120K, committed 66200K, reserved 1105920K
  class space    used 8662K, capacity 9314K, committed 9384K, reserved 1048576K
}
Event: 29.500 GC heap before
{Heap before GC invocations=15 (full 3):
 PSYoungGen      total 194048K, used 192407K [0x00000000e0000000, 0x00000000ef880000, 0x0000000100000000)
  eden space 173056K, 100% used [0x00000000e0000000,0x00000000ea900000,0x00000000ea900000)
  from space 20992K, 92% used [0x00000000ea900000,0x00000000ebbe5e60,0x00000000ebd80000)
  to   space 23040K, 0% used [0x00000000ee200000,0x00000000ee200000,0x00000000ef880000)
 ParOldGen       total 243200K, used 35953K [0x00000000a0000000, 0x00000000aed80000, 0x00000000e0000000)
  object space 243200K, 14% used [0x00000000a0000000,0x00000000a231c568,0x00000000aed80000)
 Metaspace       used 63523K, capacity 66950K, committed 67224K, reserved 1107968K
  class space    used 8723K, capacity 9355K, committed 9384K, reserved 1048576K
Event: 29.533 GC heap after
Heap after GC invocations=15 (full 3):
 PSYoungGen      total 231936K, used 14485K [0x00000000e0000000, 0x00000000f0700000, 0x0000000100000000)
  eden space 208896K, 0% used [0x00000000e0000000,0x00000000e0000000,0x00000000ecc00000)
  from space 23040K, 62% used [0x00000000ee200000,0x00000000ef025518,0x00000000ef880000)
  to   space 22528K, 0% used [0x00000000ecc00000,0x00000000ecc00000,0x00000000ee200000)
 ParOldGen       total 243200K, used 35961K [0x00000000a0000000, 0x00000000aed80000, 0x00000000e0000000)
  object space 243200K, 14% used [0x00000000a0000000,0x00000000a231e568,0x00000000aed80000)
 Metaspace       used 63523K, capacity 66950K, committed 67224K, reserved 1107968K
  class space    used 8723K, capacity 9355K, committed 9384K, reserved 1048576K
}
Event: 34.824 GC heap before
{Heap before GC invocations=16 (full 3):
 PSYoungGen      total 231936K, used 223381K [0x00000000e0000000, 0x00000000f0700000, 0x0000000100000000)
  eden space 208896K, 100% used [0x00000000e0000000,0x00000000ecc00000,0x00000000ecc00000)
  from space 23040K, 62% used [0x00000000ee200000,0x00000000ef025518,0x00000000ef880000)
  to   space 22528K, 0% used [0x00000000ecc00000,0x00000000ecc00000,0x00000000ee200000)
 ParOldGen       total 243200K, used 35975K [0x00000000a0000000, 0x00000000aed80000, 0x00000000e0000000)
  object space 243200K, 14% used [0x00000000a0000000,0x00000000a2321d60,0x00000000aed80000)
 Metaspace       used 64260K, capacity 67720K, committed 67864K, reserved 1107968K
  class space    used 8755K, capacity 9402K, committed 9512K, reserved 1048576K
Event: 34.842 GC heap after
Heap after GC invocations=16 (full 3):
 PSYoungGen      total 231424K, used 14739K [0x00000000e0000000, 0x00000000f2e00000, 0x0000000100000000)
  eden space 208896K, 0% used [0x00000000e0000000,0x00000000e0000000,0x00000000ecc00000)
  from space 22528K, 65% used [0x00000000ecc00000,0x00000000eda64ee8,0x00000000ee200000)
  to   space 22528K, 0% used [0x00000000f1800000,0x00000000f1800000,0x00000000f2e00000)
 ParOldGen       total 243200K, used 35983K [0x00000000a0000000, 0x00000000aed80000, 0x00000000e0000000)
  object space 243200K, 14% used [0x00000000a0000000,0x00000000a2323d60,0x00000000aed80000)
 Metaspace       used 64260K, capacity 67720K, committed 67864K, reserved 1107968K
  class space    used 8755K, capacity 9402K, committed 9512K, reserved 1048576K
}
Event: 45.809 GC heap before
{Heap before GC invocations=17 (full 3):
 PSYoungGen      total 231424K, used 223635K [0x00000000e0000000, 0x00000000f2e00000, 0x0000000100000000)
  eden space 208896K, 100% used [0x00000000e0000000,0x00000000ecc00000,0x00000000ecc00000)
  from space 22528K, 65% used [0x00000000ecc00000,0x00000000eda64ee8,0x00000000ee200000)
  to   space 22528K, 0% used [0x00000000f1800000,0x00000000f1800000,0x00000000f2e00000)
 ParOldGen       total 243200K, used 35988K [0x00000000a0000000, 0x00000000aed80000, 0x00000000e0000000)
  object space 243200K, 14% used [0x00000000a0000000,0x00000000a23252f0,0x00000000aed80000)
 Metaspace       used 65709K, capacity 69270K, committed 69528K, reserved 1110016K
  class space    used 8888K, capacity 9541K, committed 9640K, reserved 1048576K
Event: 45.865 GC heap after
Heap after GC invocations=17 (full 3):
 PSYoungGen      total 279552K, used 19424K [0x00000000e0000000, 0x00000000f2c00000, 0x0000000100000000)
  eden space 259072K, 0% used [0x00000000e0000000,0x00000000e0000000,0x00000000efd00000)
  from space 20480K, 94% used [0x00000000f1800000,0x00000000f2af8180,0x00000000f2c00000)
  to   space 24064K, 0% used [0x00000000efd00000,0x00000000efd00000,0x00000000f1480000)
 ParOldGen       total 243200K, used 35996K [0x00000000a0000000, 0x00000000aed80000, 0x00000000e0000000)
  object space 243200K, 14% used [0x00000000a0000000,0x00000000a23272f0,0x00000000aed80000)
 Metaspace       used 65709K, capacity 69270K, committed 69528K, reserved 1110016K
  class space    used 8888K, capacity 9541K, committed 9640K, reserved 1048576K
}
Event: 51.025 GC heap before
{Heap before GC invocations=18 (full 3):
 PSYoungGen      total 279552K, used 278496K [0x00000000e0000000, 0x00000000f2c00000, 0x0000000100000000)
  eden space 259072K, 100% used [0x00000000e0000000,0x00000000efd00000,0x00000000efd00000)
  from space 20480K, 94% used [0x00000000f1800000,0x00000000f2af8180,0x00000000f2c00000)
  to   space 24064K, 0% used [0x00000000efd00000,0x00000000efd00000,0x00000000f1480000)
 ParOldGen       total 243200K, used 35996K [0x00000000a0000000, 0x00000000aed80000, 0x00000000e0000000)
  object space 243200K, 14% used [0x00000000a0000000,0x00000000a23272f0,0x00000000aed80000)
 Metaspace       used 68701K, capacity 72940K, committed 73112K, reserved 1112064K
  class space    used 9352K, capacity 10118K, committed 10152K, reserved 1048576K
Event: 51.088 GC heap after
Heap after GC invocations=18 (full 3):
 PSYoungGen      total 283136K, used 24051K [0x00000000e0000000, 0x00000000f8680000, 0x0000000100000000)
  eden space 259072K, 0% used [0x00000000e0000000,0x00000000e0000000,0x00000000efd00000)
  from space 24064K, 99% used [0x00000000efd00000,0x00000000f147cdb8,0x00000000f1480000)
  to   space 38400K, 0% used [0x00000000f6100000,0x00000000f6100000,0x00000000f8680000)
 ParOldGen       total 243200K, used 66399K [0x00000000a0000000, 0x00000000aed80000, 0x00000000e0000000)
  object space 243200K, 27% used [0x00000000a0000000,0x00000000a40d7f28,0x00000000aed80000)
 Metaspace       used 68701K, capacity 72940K, committed 73112K, reserved 1112064K
  class space    used 9352K, capacity 10118K, committed 10152K, reserved 1048576K
}

